Watching for file changes with StatReloader
Waiting for apps ready_event.
Apps ready_event triggered. Sending autoreload_started signal.
Watching dir D:\msayed\confidentproject2\website\templates with glob **/*.
Watching dir D:\msayed\confidentproject2\website\locale with glob **/*.mo.
Watching dir D:\msayed\confidentproject2\website\app\locale with glob **/*.mo.
Watching dir D:\msayed\confidentproject2\.venv\Lib\site-packages\corsheaders\locale with glob **/*.mo.
File D:\msayed\confidentproject2\.venv\Lib\site-packages\django\core\serializers\json.py first seen with mtime 1736457960.5267286
File D:\msayed\confidentproject2\.venv\Lib\site-packages\django\utils\choices.py first seen with mtime 1736457960.714052
File D:\msayed\confidentproject2\.venv\Lib\site-packages\django\db\models\sql\subqueries.py first seen with mtime 1736457960.6015415
File D:\msayed\confidentproject2\.venv\Lib\site-packages\django\utils\autoreload.py first seen with mtime 1736457960.7035391
File C:\Users\User\AppData\Local\Programs\Python\Python313\Lib\socketserver.py first seen with mtime 1733252248.0
File D:\msayed\confidentproject2\.venv\Lib\site-packages\django\core\files\locks.py first seen with mtime 1736457960.49171
File D:\msayed\confidentproject2\.venv\Lib\site-packages\django\template\__init__.py first seen with mtime 1736457960.66786
File C:\Users\User\AppData\Local\Programs\Python\Python313\Lib\email\base64mime.py first seen with mtime 1733252248.0
File C:\Users\User\AppData\Local\Programs\Python\Python313\Lib\textwrap.py first seen with mtime 1733252250.0
File C:\Users\User\AppData\Local\Programs\Python\Python313\Lib\asyncio\streams.py first seen with mtime 1733252248.0
File D:\msayed\confidentproject2\.venv\Lib\site-packages\django\views\generic\detail.py first seen with mtime 1736457960.766424
File C:\Users\User\AppData\Local\Programs\Python\Python313\Lib\email\mime\nonmultipart.py first seen with mtime 1733252248.0
File D:\msayed\confidentproject2\.venv\Lib\site-packages\django\core\checks\async_checks.py first seen with mtime 1736457960.4827383
File D:\msayed\confidentproject2\.venv\Lib\site-packages\django\db\backends\ddl_references.py first seen with mtime 1736457960.532636
File D:\msayed\confidentproject2\.venv\Lib\site-packages\sqlparse\lexer.py first seen with mtime 1736457957.9369676
File D:\msayed\confidentproject2\.venv\Lib\site-packages\django\contrib\contenttypes\views.py first seen with mtime 1736457959.4793239
File D:\msayed\confidentproject2\.venv\Lib\site-packages\django\db\models\fields\mixins.py first seen with mtime 1736457960.5897222
File D:\msayed\confidentproject2\.venv\Lib\site-packages\django\utils\asyncio.py first seen with mtime 1736457960.702419
File D:\msayed\confidentproject2\.venv\Lib\site-packages\django\utils\ipv6.py first seen with mtime 1736457960.7365077
File D:\msayed\confidentproject2\.venv\Lib\site-packages\corsheaders\checks.py first seen with mtime 1736460796.3943384
File C:\Users\User\AppData\Local\Programs\Python\Python313\Lib\zoneinfo\_tzpath.py first seen with mtime 1733252250.0
File D:\msayed\confidentproject2\.venv\Lib\site-packages\django\contrib\auth\forms.py first seen with mtime 1736457959.3618822
File C:\Users\User\AppData\Local\Programs\Python\Python313\Lib\concurrent\futures\thread.py first seen with mtime 1733252248.0
File D:\msayed\confidentproject2\.venv\Lib\site-packages\django\db\backends\base\features.py first seen with mtime 1736457960.537217
File D:\msayed\confidentproject2\.venv\Lib\site-packages\django\utils\tree.py first seen with mtime 1736457960.7513933
File D:\msayed\confidentproject2\.venv\Lib\site-packages\sqlparse\engine\grouping.py first seen with mtime 1736457957.9400837
File D:\msayed\confidentproject2\.venv\Lib\site-packages\django\template\loaders\filesystem.py first seen with mtime 1736457960.683646
File D:\msayed\confidentproject2\.venv\Lib\site-packages\django\db\models\query_utils.py first seen with mtime 1736457960.5854912
File C:\Users\User\AppData\Local\Programs\Python\Python313\Lib\re\_constants.py first seen with mtime 1733252248.0
File C:\Users\User\AppData\Local\Programs\Python\Python313\Lib\html\entities.py first seen with mtime 1733252248.0
File D:\msayed\confidentproject2\website\website\__init__.py first seen with mtime 1736458093.0572522
File D:\msayed\confidentproject2\.venv\Lib\site-packages\django\db\models\aggregates.py first seen with mtime 1736457960.5771153
File D:\msayed\confidentproject2\.venv\Lib\site-packages\django\utils\cache.py first seen with mtime 1736457960.7035391
File C:\Users\User\AppData\Local\Programs\Python\Python313\Lib\hashlib.py first seen with mtime 1733252248.0
File C:\Users\User\AppData\Local\Programs\Python\Python313\Lib\html\__init__.py first seen with mtime 1733252248.0
File D:\msayed\confidentproject2\.venv\Lib\site-packages\django\db\models\constraints.py first seen with mtime 1736457960.5792148
File C:\Users\User\AppData\Local\Programs\Python\Python313\Lib\concurrent\futures\__init__.py first seen with mtime 1733252248.0
File D:\msayed\confidentproject2\.venv\Lib\site-packages\django\core\files\storage\base.py first seen with mtime 1736457960.4962912
File D:\msayed\confidentproject2\.venv\Lib\site-packages\django\contrib\auth\views.py first seen with mtime 1736457959.3671622
File D:\msayed\confidentproject2\.venv\Lib\site-packages\django\contrib\contenttypes\checks.py first seen with mtime 1736457959.4770029
File C:\Users\User\AppData\Local\Programs\Python\Python313\Lib\statistics.py first seen with mtime 1733252248.0
File C:\Users\User\AppData\Local\Programs\Python\Python313\Lib\http\client.py first seen with mtime 1733252248.0
File D:\msayed\confidentproject2\.venv\Lib\site-packages\django\core\exceptions.py first seen with mtime 1736457960.4739647
File D:\msayed\confidentproject2\.venv\Lib\site-packages\django\db\backends\sqlite3\base.py first seen with mtime 1736457960.5606632
File D:\msayed\confidentproject2\.venv\Lib\site-packages\django\contrib\admin\actions.py first seen with mtime 1736457958.9588594
File C:\Users\User\AppData\Local\Programs\Python\Python313\Lib\ctypes\wintypes.py first seen with mtime 1733252248.0
File D:\msayed\confidentproject2\.venv\Lib\site-packages\django\db\backends\base\validation.py first seen with mtime 1736457960.539519
File C:\Users\User\AppData\Local\Programs\Python\Python313\Lib\encodings\aliases.py first seen with mtime 1733252248.0
File C:\Users\User\AppData\Local\Programs\Python\Python313\Lib\sqlite3\__init__.py first seen with mtime 1733252248.0
File D:\msayed\confidentproject2\.venv\Lib\site-packages\django\http\__init__.py first seen with mtime 1736457960.659762
File D:\msayed\confidentproject2\.venv\Lib\site-packages\django\core\handlers\__init__.py first seen with mtime 1736457960.4985695
File D:\msayed\confidentproject2\.venv\Lib\site-packages\django\contrib\messages\storage\__init__.py first seen with mtime 1736457959.9901545
File D:\msayed\confidentproject2\.venv\Lib\site-packages\django\db\models\fields\related_lookups.py first seen with mtime 1736457960.592928
File D:\msayed\confidentproject2\.venv\Lib\site-packages\django\core\servers\__init__.py first seen with mtime 1736457960.528895
File D:\msayed\confidentproject2\.venv\Lib\site-packages\django\core\cache\__init__.py first seen with mtime 1736457960.4773932
File D:\msayed\confidentproject2\.venv\Lib\site-packages\django\core\checks\security\sessions.py first seen with mtime 1736457960.4906814
File D:\msayed\confidentproject2\.venv\Lib\site-packages\django\conf\locale\__init__.py first seen with mtime 1736457958.7845223
File D:\msayed\confidentproject2\.venv\Lib\site-packages\django\contrib\auth\apps.py first seen with mtime 1736457959.356445
File C:\Users\User\AppData\Local\Programs\Python\Python313\Lib\asyncio\base_events.py first seen with mtime 1733252248.0
File D:\msayed\confidentproject2\.venv\Lib\site-packages\django\views\generic\__init__.py first seen with mtime 1736457960.7652981
File D:\msayed\confidentproject2\.venv\Lib\site-packages\django\forms\forms.py first seen with mtime 1736457960.607507
File D:\msayed\confidentproject2\.venv\Lib\site-packages\django\views\static.py first seen with mtime 1736457960.7591379
File C:\Users\User\AppData\Local\Programs\Python\Python313\Lib\inspect.py first seen with mtime 1733252248.0
File C:\Users\User\AppData\Local\Programs\Python\Python313\Lib\encodings\cp1252.py first seen with mtime 1733252248.0
File D:\msayed\confidentproject2\.venv\Lib\site-packages\django\contrib\admin\templatetags\admin_list.py first seen with mtime 1736457959.2379668
File D:\msayed\confidentproject2\.venv\Lib\site-packages\django\core\files\temp.py first seen with mtime 1736457960.4928544
File C:\Users\User\AppData\Local\Programs\Python\Python313\Lib\bz2.py first seen with mtime 1733252248.0
File C:\Users\User\AppData\Local\Programs\Python\Python313\Lib\sqlite3\dbapi2.py first seen with mtime 1733252248.0
File D:\msayed\confidentproject2\.venv\Lib\site-packages\django\db\backends\sqlite3\schema.py first seen with mtime 1736457960.5639915
File D:\msayed\confidentproject2\.venv\Lib\site-packages\sqlparse\utils.py first seen with mtime 1736457957.9380407
File D:\msayed\confidentproject2\.venv\Lib\site-packages\django\utils\_os.py first seen with mtime 1736457960.7003517
File C:\Users\User\AppData\Local\Programs\Python\Python313\Lib\asyncio\constants.py first seen with mtime 1733252248.0
File C:\Users\User\AppData\Local\Programs\Python\Python313\Lib\decimal.py first seen with mtime 1733252248.0
File D:\msayed\confidentproject2\.venv\Lib\site-packages\django\contrib\auth\base_user.py first seen with mtime 1736457959.3575108
File D:\msayed\confidentproject2\.venv\Lib\site-packages\django\db\backends\sqlite3\creation.py first seen with mtime 1736457960.561719
File C:\Users\User\AppData\Local\Programs\Python\Python313\Lib\subprocess.py first seen with mtime 1733252248.0
File D:\msayed\confidentproject2\.venv\Lib\site-packages\django\contrib\auth\password_validation.py first seen with mtime 1736457959.3650174
File D:\msayed\confidentproject2\.venv\Lib\site-packages\django\core\handlers\exception.py first seen with mtime 1736457960.499748
File D:\msayed\confidentproject2\.venv\Lib\site-packages\django\contrib\auth\checks.py first seen with mtime 1736457959.3585236
File C:\Users\User\AppData\Local\Programs\Python\Python313\Lib\threading.py first seen with mtime 1733252250.0
File D:\msayed\confidentproject2\.venv\Lib\site-packages\django\forms\formsets.py first seen with mtime 1736457960.607507
File D:\msayed\confidentproject2\.venv\Lib\site-packages\django\db\migrations\operations\fields.py first seen with mtime 1736457960.574932
File D:\msayed\confidentproject2\.venv\Lib\site-packages\django\db\models\enums.py first seen with mtime 1736457960.580411
File D:\msayed\confidentproject2\.venv\Lib\site-packages\django\contrib\staticfiles\__init__.py first seen with mtime 1736457960.4635396
File D:\msayed\confidentproject2\.venv\Lib\site-packages\django\utils\termcolors.py first seen with mtime 1736457960.7482724
File D:\msayed\confidentproject2\.venv\Lib\site-packages\django\contrib\admin\sites.py first seen with mtime 1736457958.962464
File D:\msayed\confidentproject2\.venv\Lib\site-packages\django\forms\fields.py first seen with mtime 1736457960.6061113
File D:\msayed\confidentproject2\.venv\Lib\site-packages\django\db\models\functions\datetime.py first seen with mtime 1736457960.59509
File D:\msayed\confidentproject2\.venv\Lib\site-packages\django\utils\deconstruct.py first seen with mtime 1736457960.7194169
File D:\msayed\confidentproject2\.venv\Lib\site-packages\django\contrib\messages\constants.py first seen with mtime 1736457959.9878328
File D:\msayed\confidentproject2\.venv\Lib\site-packages\django\contrib\staticfiles\views.py first seen with mtime 1736457960.4679682
File C:\Users\User\AppData\Local\Programs\Python\Python313\DLLs\_ctypes.pyd first seen with mtime 1733252292.0
File D:\msayed\confidentproject2\.venv\Lib\site-packages\django\urls\converters.py first seen with mtime 1736457960.6971557
File C:\Users\User\AppData\Local\Programs\Python\Python313\DLLs\select.pyd first seen with mtime 1733252292.0
File D:\msayed\confidentproject2\.venv\Lib\site-packages\django\db\models\utils.py first seen with mtime 1736457960.5865037
File D:\msayed\confidentproject2\.venv\Lib\site-packages\django\core\checks\__init__.py first seen with mtime 1736457960.4827383
File D:\msayed\confidentproject2\.venv\Lib\site-packages\sqlparse\engine\filter_stack.py first seen with mtime 1736457957.9390495
File D:\msayed\confidentproject2\.venv\Lib\site-packages\django\utils\decorators.py first seen with mtime 1736457960.7215338
File D:\msayed\confidentproject2\.venv\Lib\site-packages\django\conf\global_settings.py first seen with mtime 1736457958.78188
File D:\msayed\confidentproject2\.venv\Lib\site-packages\django\core\checks\templates.py first seen with mtime 1736457960.4863985
File D:\msayed\confidentproject2\.venv\Lib\site-packages\django\contrib\sessions\models.py first seen with mtime 1736457960.201597
File C:\Users\User\AppData\Local\Programs\Python\Python313\Lib\wsgiref\__init__.py first seen with mtime 1733252250.0
File D:\msayed\confidentproject2\.venv\Lib\site-packages\django\contrib\auth\management\__init__.py first seen with mtime 1736457959.4682603
File C:\Users\User\AppData\Local\Programs\Python\Python313\Lib\secrets.py first seen with mtime 1733252248.0
File C:\Users\User\AppData\Local\Programs\Python\Python313\DLLs\_queue.pyd first seen with mtime 1733252292.0
File D:\msayed\confidentproject2\.venv\Lib\site-packages\sqlparse\__init__.py first seen with mtime 1736457957.9348156
File D:\msayed\confidentproject2\.venv\Lib\site-packages\django\core\checks\compatibility\__init__.py first seen with mtime 1736457960.4874344
File D:\msayed\confidentproject2\.venv\Lib\site-packages\django\contrib\admin\views\__init__.py first seen with mtime 1736457959.2400315
File D:\msayed\confidentproject2\.venv\Lib\site-packages\django\core\checks\security\base.py first seen with mtime 1736457960.489535
File D:\msayed\confidentproject2\.venv\Lib\site-packages\django\db\backends\utils.py first seen with mtime 1736457960.5339344
File D:\msayed\confidentproject2\.venv\Lib\site-packages\django\views\generic\dates.py first seen with mtime 1736457960.766424
File C:\Users\User\AppData\Local\Programs\Python\Python313\Lib\urllib\request.py first seen with mtime 1733252250.0
File C:\Users\User\AppData\Local\Programs\Python\Python313\Lib\mimetypes.py first seen with mtime 1733252248.0
File D:\msayed\confidentproject2\.venv\Lib\site-packages\django\views\generic\list.py first seen with mtime 1736457960.7675207
File C:\Users\User\AppData\Local\Programs\Python\Python313\DLLs\_overlapped.pyd first seen with mtime 1733252292.0
File D:\msayed\confidentproject2\.venv\Lib\site-packages\django\contrib\admin\models.py first seen with mtime 1736457958.9614234
File D:\msayed\confidentproject2\.venv\Lib\site-packages\django\dispatch\dispatcher.py first seen with mtime 1736457960.603974
File D:\msayed\confidentproject2\.venv\Lib\site-packages\django\template\loaders\app_directories.py first seen with mtime 1736457960.6814532
File D:\msayed\confidentproject2\.venv\Lib\site-packages\django\db\migrations\operations\special.py first seen with mtime 1736457960.576057
File D:\msayed\confidentproject2\.venv\Lib\site-packages\django\db\models\sql\__init__.py first seen with mtime 1736457960.59723
File D:\msayed\confidentproject2\.venv\Lib\site-packages\django\dispatch\__init__.py first seen with mtime 1736457960.6028962
File D:\msayed\confidentproject2\.venv\Lib\site-packages\django\core\cache\backends\base.py first seen with mtime 1736457960.478427
File D:\msayed\confidentproject2\.venv\Lib\site-packages\django\core\checks\urls.py first seen with mtime 1736457960.4874344
File D:\msayed\confidentproject2\.venv\Lib\site-packages\django\utils\html.py first seen with mtime 1736457960.7332945
File C:\Users\User\AppData\Local\Programs\Python\Python313\Lib\fnmatch.py first seen with mtime 1733252248.0
File C:\Users\User\AppData\Local\Programs\Python\Python313\Lib\email\mime\base.py first seen with mtime 1733252248.0
File C:\Users\User\AppData\Local\Programs\Python\Python313\Lib\reprlib.py first seen with mtime 1733252248.0
File D:\msayed\confidentproject2\.venv\Lib\site-packages\django\utils\dateparse.py first seen with mtime 1736457960.7183633
File C:\Users\User\AppData\Local\Programs\Python\Python313\Lib\asyncio\base_futures.py first seen with mtime 1733252248.0
File D:\msayed\confidentproject2\.venv\Lib\site-packages\django\utils\connection.py first seen with mtime 1736457960.7151265
File D:\msayed\confidentproject2\.venv\Lib\site-packages\django\db\migrations\migration.py first seen with mtime 1736457960.5681767
File D:\msayed\confidentproject2\.venv\Lib\site-packages\django\contrib\admin\helpers.py first seen with mtime 1736457958.9614234
File C:\Users\User\AppData\Local\Programs\Python\Python313\DLLs\_ssl.pyd first seen with mtime 1733252292.0
File D:\msayed\confidentproject2\.venv\Lib\site-packages\django\views\decorators\common.py first seen with mtime 1736457960.7618015
File D:\msayed\confidentproject2\.venv\Lib\site-packages\environ\fileaware_mapping.py first seen with mtime 1736458643.9188244
File D:\msayed\confidentproject2\.venv\Lib\site-packages\django\db\migrations\operations\models.py first seen with mtime 1736457960.574932
File C:\Users\User\AppData\Local\Programs\Python\Python313\Lib\logging\handlers.py first seen with mtime 1733252248.0
File D:\msayed\confidentproject2\.venv\Lib\site-packages\django\db\backends\base\client.py first seen with mtime 1736457960.5360434
File C:\Users\User\AppData\Local\Programs\Python\Python313\Lib\email\_policybase.py first seen with mtime 1733252248.0
File C:\Users\User\AppData\Local\Programs\Python\Python313\Lib\gzip.py first seen with mtime 1733252248.0
File D:\msayed\confidentproject2\.venv\Lib\site-packages\django\utils\safestring.py first seen with mtime 1736457960.7471964
File C:\Users\User\AppData\Local\Programs\Python\Python313\DLLs\_zoneinfo.pyd first seen with mtime 1733252292.0
File D:\msayed\confidentproject2\.venv\Lib\site-packages\django\__init__.py first seen with mtime 1736457958.7769654
File D:\msayed\confidentproject2\.venv\Lib\site-packages\django\db\backends\sqlite3\operations.py first seen with mtime 1736457960.5639915
File C:\Users\User\AppData\Local\Programs\Python\Python313\Lib\wsgiref\headers.py first seen with mtime 1733252250.0
File D:\msayed\confidentproject2\.venv\Lib\site-packages\django\template\backends\__init__.py first seen with mtime 1736457960.676973
File C:\Users\User\AppData\Local\Programs\Python\Python313\Lib\gettext.py first seen with mtime 1733252248.0
File D:\msayed\confidentproject2\.venv\Lib\site-packages\django\db\models\query.py first seen with mtime 1736457960.5839088
File C:\Users\User\AppData\Local\Programs\Python\Python313\Lib\argparse.py first seen with mtime 1733252248.0
File D:\msayed\confidentproject2\.venv\Lib\site-packages\django\contrib\staticfiles\checks.py first seen with mtime 1736457960.4645853
File D:\msayed\confidentproject2\.venv\Lib\site-packages\sqlparse\filters\output.py first seen with mtime 1736457957.942687
File D:\msayed\confidentproject2\.venv\Lib\site-packages\django\urls\utils.py first seen with mtime 1736457960.6992743
File C:\Users\User\AppData\Local\Programs\Python\Python313\Lib\weakref.py first seen with mtime 1733252250.0
File D:\msayed\confidentproject2\.venv\Lib\site-packages\django\templatetags\static.py first seen with mtime 1736457960.6867836
File D:\msayed\confidentproject2\.venv\Lib\site-packages\django\middleware\cache.py first seen with mtime 1736457960.663271
File D:\msayed\confidentproject2\.venv\Lib\site-packages\django\db\models\sql\constants.py first seen with mtime 1736457960.5992937
File C:\Users\User\AppData\Local\Programs\Python\Python313\Lib\asyncio\threads.py first seen with mtime 1733252248.0
File D:\msayed\confidentproject2\.venv\Lib\site-packages\django\utils\formats.py first seen with mtime 1736457960.7292552
File D:\msayed\confidentproject2\.venv\Lib\site-packages\sqlparse\engine\statement_splitter.py first seen with mtime 1736457957.9400837
File D:\msayed\confidentproject2\.venv\Lib\site-packages\django\db\models\sql\where.py first seen with mtime 1736457960.6028962
File C:\Users\User\AppData\Local\Programs\Python\Python313\Lib\graphlib.py first seen with mtime 1733252248.0
File C:\Users\User\AppData\Local\Programs\Python\Python313\Lib\fractions.py first seen with mtime 1733252248.0
File C:\Users\User\AppData\Local\Programs\Python\Python313\Lib\pkgutil.py first seen with mtime 1733252248.0
File D:\msayed\confidentproject2\.venv\Lib\site-packages\django\contrib\admin\options.py first seen with mtime 1736457958.962464
File D:\msayed\confidentproject2\.venv\Lib\site-packages\django\contrib\sessions\base_session.py first seen with mtime 1736457960.2000124
File D:\msayed\confidentproject2\.venv\Lib\site-packages\django\core\files\storage\__init__.py first seen with mtime 1736457960.4952488
File D:\msayed\confidentproject2\.venv\Lib\site-packages\django\contrib\sites\shortcuts.py first seen with mtime 1736457960.3305118
File C:\Users\User\AppData\Local\Programs\Python\Python313\Lib\http\__init__.py first seen with mtime 1733252248.0
File D:\msayed\confidentproject2\.venv\Lib\site-packages\django\core\files\move.py first seen with mtime 1736457960.4928544
File D:\msayed\confidentproject2\.venv\Lib\site-packages\django\utils\inspect.py first seen with mtime 1736457960.735386
File D:\msayed\confidentproject2\.venv\Lib\site-packages\django\core\checks\database.py first seen with mtime 1736457960.4837961
File D:\msayed\confidentproject2\.venv\Lib\site-packages\django\templatetags\i18n.py first seen with mtime 1736457960.6857738
File D:\msayed\confidentproject2\.venv\Lib\site-packages\django\utils\encoding.py first seen with mtime 1736457960.7269638
File D:\msayed\confidentproject2\.venv\Lib\site-packages\sqlparse\formatter.py first seen with mtime 1736457957.9358578
File D:\msayed\confidentproject2\.venv\Lib\site-packages\django\core\files\images.py first seen with mtime 1736457960.49171
File D:\msayed\confidentproject2\.venv\Lib\site-packages\django\templatetags\cache.py first seen with mtime 1736457960.684678
File D:\msayed\confidentproject2\.venv\Lib\site-packages\django\contrib\messages\storage\base.py first seen with mtime 1736457959.9901545
File D:\msayed\confidentproject2\website\manage.py first seen with mtime 1736458093.0547857
File D:\msayed\confidentproject2\.venv\Lib\site-packages\django\templatetags\l10n.py first seen with mtime 1736457960.6857738
File D:\msayed\confidentproject2\.venv\Lib\site-packages\django\utils\dates.py first seen with mtime 1736457960.7183633
File D:\msayed\confidentproject2\.venv\Lib\site-packages\django\template\engine.py first seen with mtime 1736457960.6737163
File C:\Users\User\AppData\Local\Programs\Python\Python313\Lib\asyncio\log.py first seen with mtime 1733252248.0
File D:\msayed\confidentproject2\.venv\Lib\site-packages\corsheaders\apps.py first seen with mtime 1736460796.3943384
File D:\msayed\confidentproject2\.venv\Lib\site-packages\django\db\backends\signals.py first seen with mtime 1736457960.532636
File C:\Users\User\AppData\Local\Programs\Python\Python313\Lib\http\cookies.py first seen with mtime 1733252248.0
File C:\Users\User\AppData\Local\Programs\Python\Python313\Lib\re\_casefix.py first seen with mtime 1733252248.0
File D:\msayed\confidentproject2\.venv\Lib\site-packages\django\contrib\admin\apps.py first seen with mtime 1736457958.9588594
File D:\msayed\confidentproject2\.venv\Lib\site-packages\django\apps\config.py first seen with mtime 1736457958.779076
File C:\Users\User\AppData\Local\Programs\Python\Python313\Lib\asyncio\selector_events.py first seen with mtime 1733252248.0
File C:\Users\User\AppData\Local\Programs\Python\Python313\Lib\calendar.py first seen with mtime 1733252248.0
File D:\msayed\confidentproject2\.venv\Lib\site-packages\django\contrib\auth\admin.py first seen with mtime 1736457959.35533
File C:\Users\User\AppData\Local\Programs\Python\Python313\Lib\asyncio\__init__.py first seen with mtime 1733252248.0
File D:\msayed\confidentproject2\.venv\Lib\site-packages\sqlparse\cli.py first seen with mtime 1736457957.9358578
File D:\msayed\confidentproject2\.venv\Lib\site-packages\django\utils\version.py first seen with mtime 1736457960.7513933
File C:\Users\User\AppData\Local\Programs\Python\Python313\Lib\asyncio\proactor_events.py first seen with mtime 1733252248.0
File D:\msayed\confidentproject2\.venv\Lib\site-packages\django\db\models\functions\window.py first seen with mtime 1736457960.59723
File D:\msayed\confidentproject2\.venv\Lib\site-packages\django\contrib\staticfiles\finders.py first seen with mtime 1736457960.465885
File D:\msayed\confidentproject2\.venv\Lib\site-packages\django\middleware\__init__.py first seen with mtime 1736457960.6622708
File D:\msayed\confidentproject2\.venv\Lib\site-packages\django\contrib\contenttypes\apps.py first seen with mtime 1736457959.4770029
File C:\Users\User\AppData\Local\Programs\Python\Python313\DLLs\_uuid.pyd first seen with mtime 1733252292.0
File D:\msayed\confidentproject2\.venv\Lib\site-packages\django\core\checks\caches.py first seen with mtime 1736457960.4837961
File C:\Users\User\AppData\Local\Programs\Python\Python313\Lib\sysconfig\__init__.py first seen with mtime 1733252248.0
File D:\msayed\confidentproject2\.venv\Lib\site-packages\django\core\servers\basehttp.py first seen with mtime 1736457960.5300128
File C:\Users\User\AppData\Local\Programs\Python\Python313\DLLs\_decimal.pyd first seen with mtime 1733252292.0
File C:\Users\User\AppData\Local\Programs\Python\Python313\Lib\platform.py first seen with mtime 1733252248.0
File C:\Users\User\AppData\Local\Programs\Python\Python313\Lib\queue.py first seen with mtime 1733252248.0
File D:\msayed\confidentproject2\.venv\Lib\site-packages\django\contrib\admin\views\main.py first seen with mtime 1736457959.2415583
File D:\msayed\confidentproject2\.venv\Lib\site-packages\django\core\files\uploadedfile.py first seen with mtime 1736457960.4940765
File D:\msayed\confidentproject2\.venv\Lib\site-packages\django\contrib\admin\decorators.py first seen with mtime 1736457958.9598975
File D:\msayed\confidentproject2\.venv\Lib\site-packages\django\core\management\commands\__init__.py first seen with mtime 1736457960.510172
File D:\msayed\confidentproject2\.venv\Lib\site-packages\django\db\backends\sqlite3\_functions.py first seen with mtime 1736457960.559624
File D:\msayed\confidentproject2\.venv\Lib\site-packages\django\urls\__init__.py first seen with mtime 1736457960.6949692
File D:\msayed\confidentproject2\.venv\Lib\site-packages\django\template\loaders\cached.py first seen with mtime 1736457960.6825411
File D:\msayed\confidentproject2\.venv\Lib\site-packages\django\utils\text.py first seen with mtime 1736457960.7493389
File D:\msayed\confidentproject2\.venv\Lib\site-packages\django\views\i18n.py first seen with mtime 1736457960.7591379
File D:\msayed\confidentproject2\.venv\Lib\site-packages\django\db\models\deletion.py first seen with mtime 1736457960.580411
File C:\Users\User\AppData\Local\Programs\Python\Python313\Lib\nturl2path.py first seen with mtime 1733252248.0
File D:\msayed\confidentproject2\.venv\Lib\site-packages\django\contrib\sites\requests.py first seen with mtime 1736457960.3295093
File C:\Users\User\AppData\Local\Programs\Python\Python313\Lib\email\contentmanager.py first seen with mtime 1733252248.0
File C:\Users\User\AppData\Local\Programs\Python\Python313\Lib\operator.py first seen with mtime 1733252248.0
File C:\Users\User\AppData\Local\Programs\Python\Python313\Lib\shutil.py first seen with mtime 1733252248.0
File C:\Users\User\AppData\Local\Programs\Python\Python313\Lib\email\generator.py first seen with mtime 1733252248.0
File D:\msayed\confidentproject2\.venv\Lib\site-packages\corsheaders\defaults.py first seen with mtime 1736460796.3943384
File C:\Users\User\AppData\Local\Programs\Python\Python313\Lib\asyncio\staggered.py first seen with mtime 1733252248.0
File C:\Users\User\AppData\Local\Programs\Python\Python313\Lib\email\message.py first seen with mtime 1733252248.0
File D:\msayed\confidentproject2\.venv\Lib\site-packages\django\utils\deprecation.py first seen with mtime 1736457960.7229824
File D:\msayed\confidentproject2\.venv\Lib\site-packages\corsheaders\middleware.py first seen with mtime 1736460796.3943384
File D:\msayed\confidentproject2\website\app\__init__.py first seen with mtime 1736458116.4051857
File D:\msayed\confidentproject2\.venv\Lib\site-packages\django\core\checks\messages.py first seen with mtime 1736457960.485345
File D:\msayed\confidentproject2\.venv\Lib\site-packages\django\core\handlers\base.py first seen with mtime 1736457960.499748
File C:\Users\User\AppData\Local\Programs\Python\Python313\Lib\urllib\parse.py first seen with mtime 1733252250.0
File D:\msayed\confidentproject2\.venv\Lib\site-packages\django\contrib\admin\templatetags\base.py first seen with mtime 1736457959.2389958
File D:\msayed\confidentproject2\.venv\Lib\site-packages\django\template\exceptions.py first seen with mtime 1736457960.6737163
File D:\msayed\confidentproject2\website\app\apps.py first seen with mtime 1736458116.4040816
File D:\msayed\confidentproject2\.venv\Lib\site-packages\django\core\handlers\asgi.py first seen with mtime 1736457960.4985695
File D:\msayed\confidentproject2\.venv\Lib\site-packages\django\urls\exceptions.py first seen with mtime 1736457960.6971557
File D:\msayed\confidentproject2\.venv\Lib\site-packages\django\utils\datastructures.py first seen with mtime 1736457960.7162263
File D:\msayed\confidentproject2\.venv\Lib\site-packages\django\utils\dateformat.py first seen with mtime 1736457960.7172394
File D:\msayed\confidentproject2\.venv\Lib\site-packages\django\core\files\utils.py first seen with mtime 1736457960.4952488
File D:\msayed\confidentproject2\.venv\Lib\site-packages\django\http\multipartparser.py first seen with mtime 1736457960.660759
File C:\Users\User\AppData\Local\Programs\Python\Python313\DLLs\_lzma.pyd first seen with mtime 1733252292.0
File C:\Users\User\AppData\Local\Programs\Python\Python313\Lib\logging\config.py first seen with mtime 1733252248.0
File D:\msayed\confidentproject2\.venv\Lib\site-packages\django\contrib\sessions\apps.py first seen with mtime 1736457960.2000124
File D:\msayed\confidentproject2\.venv\Lib\site-packages\django\db\migrations\__init__.py first seen with mtime 1736457960.5650387
File D:\msayed\confidentproject2\.venv\Lib\site-packages\django\db\models\functions\comparison.py first seen with mtime 1736457960.5939739
File C:\Users\User\AppData\Local\Programs\Python\Python313\DLLs\_hashlib.pyd first seen with mtime 1733252292.0
File C:\Users\User\AppData\Local\Programs\Python\Python313\Lib\asyncio\format_helpers.py first seen with mtime 1733252248.0
File D:\msayed\confidentproject2\.venv\Lib\site-packages\django\forms\renderers.py first seen with mtime 1736457960.6099322
File D:\msayed\confidentproject2\.venv\Lib\site-packages\django\db\models\lookups.py first seen with mtime 1736457960.5825093
File C:\Users\User\AppData\Local\Programs\Python\Python313\Lib\asyncio\events.py first seen with mtime 1733252248.0
File C:\Users\User\AppData\Local\Programs\Python\Python313\Lib\ctypes\__init__.py first seen with mtime 1733252248.0
File D:\msayed\confidentproject2\website\app\views.py first seen with mtime 1736459304.674245
File D:\msayed\confidentproject2\.venv\Lib\site-packages\django\core\files\uploadhandler.py first seen with mtime 1736457960.4940765
File D:\msayed\confidentproject2\.venv\Lib\site-packages\django\contrib\admin\templatetags\admin_urls.py first seen with mtime 1736457959.2389958
File C:\Users\User\AppData\Local\Programs\Python\Python313\Lib\html\parser.py first seen with mtime 1733252248.0
File D:\msayed\confidentproject2\.venv\Lib\site-packages\sqlparse\filters\aligned_indent.py first seen with mtime 1736457957.9400837
File D:\msayed\confidentproject2\.venv\Lib\site-packages\sqlparse\filters\tokens.py first seen with mtime 1736457957.9437668
File D:\msayed\confidentproject2\.venv\Lib\site-packages\django\contrib\auth\tokens.py first seen with mtime 1736457959.3660681
File C:\Users\User\AppData\Local\Programs\Python\Python313\Lib\email\mime\message.py first seen with mtime 1733252248.0
File D:\msayed\confidentproject2\.venv\Lib\site-packages\django\core\checks\security\csrf.py first seen with mtime 1736457960.489535
File D:\msayed\confidentproject2\.venv\Lib\site-packages\asgiref\local.py first seen with mtime 1736457958.5763607
File D:\msayed\confidentproject2\.venv\Lib\site-packages\django\db\models\functions\math.py first seen with mtime 1736457960.59509
File D:\msayed\confidentproject2\.venv\Lib\site-packages\django\template\loaders\__init__.py first seen with mtime 1736457960.6803346
File D:\msayed\confidentproject2\.venv\Lib\site-packages\django\core\files\__init__.py first seen with mtime 1736457960.4906814
File D:\msayed\confidentproject2\.venv\Lib\site-packages\sqlparse\filters\right_margin.py first seen with mtime 1736457957.942757
File D:\msayed\confidentproject2\.venv\Lib\site-packages\django\contrib\sessions\__init__.py first seen with mtime 1736457960.1989107
File D:\msayed\confidentproject2\.venv\Lib\site-packages\django\forms\models.py first seen with mtime 1736457960.6086867
File C:\Users\User\AppData\Local\Programs\Python\Python313\Lib\email\headerregistry.py first seen with mtime 1733252248.0
File C:\Users\User\AppData\Local\Programs\Python\Python313\Lib\concurrent\futures\_base.py first seen with mtime 1733252248.0
File D:\msayed\confidentproject2\.venv\Lib\site-packages\django\core\management\commands\runserver.py first seen with mtime 1736457960.518187
File C:\Users\User\AppData\Local\Programs\Python\Python313\Lib\multiprocessing\reduction.py first seen with mtime 1733252248.0
File D:\msayed\confidentproject2\.venv\Lib\site-packages\django\db\migrations\operations\base.py first seen with mtime 1736457960.5739343
File C:\Users\User\AppData\Local\Programs\Python\Python313\Lib\_compression.py first seen with mtime 1733252248.0
File D:\msayed\confidentproject2\.venv\Lib\site-packages\django\middleware\csrf.py first seen with mtime 1736457960.6657157
File D:\msayed\confidentproject2\.venv\Lib\site-packages\django\template\library.py first seen with mtime 1736457960.6748104
File C:\Users\User\AppData\Local\Programs\Python\Python313\Lib\asyncio\trsock.py first seen with mtime 1733252248.0
File C:\Users\User\AppData\Local\Programs\Python\Python313\Lib\contextvars.py first seen with mtime 1733252248.0
File D:\msayed\confidentproject2\.venv\Lib\site-packages\django\contrib\admin\__init__.py first seen with mtime 1736457958.95783
File D:\msayed\confidentproject2\.venv\Lib\site-packages\django\template\defaulttags.py first seen with mtime 1736457960.672586
File D:\msayed\confidentproject2\.venv\Lib\site-packages\django\views\decorators\cache.py first seen with mtime 1736457960.760231
File C:\Users\User\AppData\Local\Programs\Python\Python313\Lib\email\parser.py first seen with mtime 1733252248.0
File D:\msayed\confidentproject2\website\website\settings.py first seen with mtime 1736539824.1543877
File D:\msayed\confidentproject2\.venv\Lib\site-packages\django\contrib\sites\__init__.py first seen with mtime 1736457960.3261993
File C:\Users\User\AppData\Local\Programs\Python\Python313\Lib\uuid.py first seen with mtime 1733252250.0
File C:\Users\User\AppData\Local\Programs\Python\Python313\Lib\wsgiref\util.py first seen with mtime 1733252250.0
File D:\msayed\confidentproject2\.venv\Lib\site-packages\django\template\autoreload.py first seen with mtime 1736457960.6688728
File C:\Users\User\AppData\Local\Programs\Python\Python313\Lib\_compat_pickle.py first seen with mtime 1733252248.0
File D:\msayed\confidentproject2\.venv\Lib\site-packages\django\core\handlers\wsgi.py first seen with mtime 1736457960.5007596
File D:\msayed\confidentproject2\.venv\Lib\site-packages\django\http\request.py first seen with mtime 1736457960.661766
File D:\msayed\confidentproject2\.venv\Lib\site-packages\django\core\checks\registry.py first seen with mtime 1736457960.4863985
File D:\msayed\confidentproject2\.venv\Lib\site-packages\django\db\utils.py first seen with mtime 1736457960.531521
File D:\msayed\confidentproject2\.venv\Lib\site-packages\django\contrib\staticfiles\handlers.py first seen with mtime 1736457960.465885
File D:\msayed\confidentproject2\.venv\Lib\site-packages\django\core\signing.py first seen with mtime 1736457960.4749947
File D:\msayed\confidentproject2\.venv\Lib\site-packages\django\template\smartif.py first seen with mtime 1736457960.676973
File D:\msayed\confidentproject2\.venv\Lib\site-packages\django\templatetags\__init__.py first seen with mtime 1736457960.684678
File D:\msayed\confidentproject2\.venv\Lib\site-packages\django\contrib\staticfiles\management\__init__.py first seen with mtime 1736457960.4690723
File D:\msayed\confidentproject2\.venv\Lib\site-packages\django\contrib\messages\api.py first seen with mtime 1736457959.9867857
File C:\Users\User\AppData\Local\Programs\Python\Python313\Lib\ipaddress.py first seen with mtime 1733252248.0
File C:\Users\User\AppData\Local\Programs\Python\Python313\Lib\token.py first seen with mtime 1733252250.0
File D:\msayed\confidentproject2\.venv\Lib\site-packages\django\core\management\__init__.py first seen with mtime 1736457960.507072
File C:\Users\User\AppData\Local\Programs\Python\Python313\Lib\email\policy.py first seen with mtime 1733252248.0
File C:\Users\User\AppData\Local\Programs\Python\Python313\DLLs\_asyncio.pyd first seen with mtime 1733252292.0
File C:\Users\User\AppData\Local\Programs\Python\Python313\Lib\copy.py first seen with mtime 1733252248.0
File D:\msayed\confidentproject2\.venv\Lib\site-packages\django\core\checks\model_checks.py first seen with mtime 1736457960.485345
File C:\Users\User\AppData\Local\Programs\Python\Python313\Lib\glob.py first seen with mtime 1733252248.0
File C:\Users\User\AppData\Local\Programs\Python\Python313\Lib\asyncio\windows_events.py first seen with mtime 1733252248.0
File C:\Users\User\AppData\Local\Programs\Python\Python313\Lib\_colorize.py first seen with mtime 1733252248.0
File D:\msayed\confidentproject2\.venv\Lib\site-packages\django\db\models\fields\related.py first seen with mtime 1736457960.5907316
File C:\Users\User\AppData\Local\Programs\Python\Python313\Lib\urllib\__init__.py first seen with mtime 1733252250.0
File C:\Users\User\AppData\Local\Programs\Python\Python313\Lib\concurrent\__init__.py first seen with mtime 1733252248.0
File C:\Users\User\AppData\Local\Programs\Python\Python313\Lib\locale.py first seen with mtime 1733252248.0
File C:\Users\User\AppData\Local\Programs\Python\Python313\Lib\urllib\error.py first seen with mtime 1733252250.0
File C:\Users\User\AppData\Local\Programs\Python\Python313\Lib\email\feedparser.py first seen with mtime 1733252248.0
File C:\Users\User\AppData\Local\Programs\Python\Python313\Lib\tempfile.py first seen with mtime 1733252248.0
File C:\Users\User\AppData\Local\Programs\Python\Python313\Lib\zoneinfo\_common.py first seen with mtime 1733252250.0
File D:\msayed\confidentproject2\.venv\Lib\site-packages\django\db\models\fields\related_descriptors.py first seen with mtime 1736457960.591815
File D:\msayed\confidentproject2\website\app\admin.py first seen with mtime 1736458116.402626
File C:\Users\User\AppData\Local\Programs\Python\Python313\Lib\keyword.py first seen with mtime 1733252248.0
File C:\Users\User\AppData\Local\Programs\Python\Python313\Lib\email\_header_value_parser.py first seen with mtime 1733252248.0
File C:\Users\User\AppData\Local\Programs\Python\Python313\Lib\multiprocessing\context.py first seen with mtime 1733252248.0
File D:\msayed\confidentproject2\website\app\urls.py first seen with mtime 1736459262.8882952
File D:\msayed\confidentproject2\.venv\Lib\site-packages\django\db\models\fields\proxy.py first seen with mtime 1736457960.5897222
File D:\msayed\confidentproject2\.venv\Lib\site-packages\sqlparse\filters\others.py first seen with mtime 1736457957.9416773
File D:\msayed\confidentproject2\.venv\Lib\site-packages\django\db\models\manager.py first seen with mtime 1736457960.5825093
File D:\msayed\confidentproject2\.venv\Lib\site-packages\sqlparse\keywords.py first seen with mtime 1736457957.9369676
File C:\Users\User\AppData\Local\Programs\Python\Python313\Lib\_markupbase.py first seen with mtime 1733252248.0
File D:\msayed\confidentproject2\.venv\Lib\site-packages\django\contrib\auth\__init__.py first seen with mtime 1736457959.3540518
File D:\msayed\confidentproject2\.venv\Lib\site-packages\django\contrib\auth\middleware.py first seen with mtime 1736457959.3628917
File D:\msayed\confidentproject2\.venv\Lib\site-packages\django\db\backends\base\schema.py first seen with mtime 1736457960.539519
File C:\Users\User\AppData\Local\Programs\Python\Python313\Lib\functools.py first seen with mtime 1733252248.0
File D:\msayed\confidentproject2\.venv\Lib\site-packages\sqlparse\sql.py first seen with mtime 1736457957.9380407
File C:\Users\User\AppData\Local\Programs\Python\Python313\Lib\pathlib\_local.py first seen with mtime 1733252248.0
File D:\msayed\confidentproject2\.venv\Lib\site-packages\django\core\paginator.py first seen with mtime 1736457960.4749947
File D:\msayed\confidentproject2\.venv\Lib\site-packages\django\utils\translation\trans_real.py first seen with mtime 1736457960.755865
File D:\msayed\confidentproject2\.venv\Lib\site-packages\django\views\decorators\debug.py first seen with mtime 1736457960.7628858
File D:\msayed\confidentproject2\.venv\Lib\site-packages\django\contrib\contenttypes\fields.py first seen with mtime 1736457959.4781547
File C:\Users\User\AppData\Local\Programs\Python\Python313\Lib\email\iterators.py first seen with mtime 1733252248.0
File C:\Users\User\AppData\Local\Programs\Python\Python313\Lib\re\__init__.py first seen with mtime 1733252248.0
File C:\Users\User\AppData\Local\Programs\Python\Python313\Lib\pprint.py first seen with mtime 1733252248.0
File D:\msayed\confidentproject2\.venv\Lib\site-packages\django\db\backends\sqlite3\introspection.py first seen with mtime 1736457960.5628538
File C:\Users\User\AppData\Local\Programs\Python\Python313\Lib\asyncio\tasks.py first seen with mtime 1733252248.0
File D:\msayed\confidentproject2\.venv\Lib\site-packages\django\contrib\contenttypes\admin.py first seen with mtime 1736457959.4770029
File D:\msayed\confidentproject2\.venv\Lib\site-packages\django\urls\conf.py first seen with mtime 1736457960.6960351
File D:\msayed\confidentproject2\.venv\Lib\site-packages\django\contrib\admin\templatetags\admin_modify.py first seen with mtime 1736457959.2389958
File D:\msayed\confidentproject2\.venv\Lib\site-packages\django\utils\__init__.py first seen with mtime 1736457960.6992743
File D:\msayed\confidentproject2\.venv\Lib\site-packages\django\db\backends\sqlite3\features.py first seen with mtime 1736457960.5628538
File D:\msayed\confidentproject2\.venv\Lib\site-packages\django\contrib\contenttypes\__init__.py first seen with mtime 1736457959.4759693
File D:\msayed\confidentproject2\.venv\Lib\site-packages\django\template\loader_tags.py first seen with mtime 1736457960.6759021
File D:\msayed\confidentproject2\.venv\Lib\site-packages\django\contrib\staticfiles\management\commands\__init__.py first seen with mtime 1736457960.4690723
File D:\msayed\confidentproject2\.venv\Lib\site-packages\django\core\mail\utils.py first seen with mtime 1736457960.501788
File D:\msayed\confidentproject2\.venv\Lib\site-packages\django\utils\translation\reloader.py first seen with mtime 1736457960.7536533
File C:\Users\User\AppData\Local\Programs\Python\Python313\Lib\getpass.py first seen with mtime 1733252248.0
File C:\Users\User\AppData\Local\Programs\Python\Python313\Lib\encodings\utf_8_sig.py first seen with mtime 1733252248.0
File D:\msayed\confidentproject2\.venv\Lib\site-packages\sqlparse\engine\__init__.py first seen with mtime 1736457957.9390495
File D:\msayed\confidentproject2\.venv\Lib\site-packages\django\db\models\fields\__init__.py first seen with mtime 1736457960.5875418
File D:\msayed\confidentproject2\website\website\urls.py first seen with mtime 1736458596.0389826
File D:\msayed\confidentproject2\.venv\Lib\site-packages\django\contrib\admin\views\autocomplete.py first seen with mtime 1736457959.2400315
File D:\msayed\confidentproject2\.venv\Lib\site-packages\django\forms\widgets.py first seen with mtime 1736457960.6099322
File C:\Users\User\AppData\Local\Programs\Python\Python313\Lib\asyncio\taskgroups.py first seen with mtime 1733252248.0
File C:\Users\User\AppData\Local\Programs\Python\Python313\Lib\email\encoders.py first seen with mtime 1733252248.0
File C:\Users\User\AppData\Local\Programs\Python\Python313\Lib\email\utils.py first seen with mtime 1733252248.0
File D:\msayed\confidentproject2\.venv\Lib\site-packages\django\core\__init__.py first seen with mtime 1736457960.472886
File C:\Users\User\AppData\Local\Programs\Python\Python313\Lib\ast.py first seen with mtime 1733252248.0
File C:\Users\User\AppData\Local\Programs\Python\Python313\Lib\asyncio\base_tasks.py first seen with mtime 1733252248.0
File D:\msayed\confidentproject2\.venv\Lib\site-packages\django\db\models\sql\datastructures.py first seen with mtime 1736457960.5992937
File C:\Users\User\AppData\Local\Programs\Python\Python313\Lib\contextlib.py first seen with mtime 1733252248.0
File C:\Users\User\AppData\Local\Programs\Python\Python313\Lib\urllib\response.py first seen with mtime 1733252250.0
File D:\msayed\confidentproject2\.venv\Lib\site-packages\environ\compat.py first seen with mtime 1736458643.9178176
File D:\msayed\confidentproject2\.venv\Lib\site-packages\django\contrib\auth\validators.py first seen with mtime 1736457959.3671622
File C:\Users\User\AppData\Local\Programs\Python\Python313\Lib\asyncio\locks.py first seen with mtime 1733252248.0
File D:\msayed\confidentproject2\.venv\Lib\site-packages\django\utils\timezone.py first seen with mtime 1736457960.750353
File C:\Users\User\AppData\Local\Programs\Python\Python313\Lib\ctypes\_endian.py first seen with mtime 1733252248.0
File C:\Users\User\AppData\Local\Programs\Python\Python313\Lib\http\server.py first seen with mtime 1733252248.0
File D:\msayed\confidentproject2\.venv\Lib\site-packages\django\db\models\functions\__init__.py first seen with mtime 1736457960.5939739
File C:\Users\User\AppData\Local\Programs\Python\Python313\DLLs\_sqlite3.pyd first seen with mtime 1733252292.0
File C:\Users\User\AppData\Local\Programs\Python\Python313\DLLs\_bz2.pyd first seen with mtime 1733252292.0
File C:\Users\User\AppData\Local\Programs\Python\Python313\Lib\email\mime\text.py first seen with mtime 1733252248.0
File D:\msayed\confidentproject2\.venv\Lib\site-packages\django\contrib\staticfiles\management\commands\runserver.py first seen with mtime 1736457960.4702528
File D:\msayed\confidentproject2\.venv\Lib\site-packages\django\db\models\signals.py first seen with mtime 1736457960.5865037
File D:\msayed\confidentproject2\.venv\Lib\site-packages\sqlparse\filters\__init__.py first seen with mtime 1736457957.9400837
File D:\msayed\confidentproject2\.venv\Lib\site-packages\django\contrib\auth\models.py first seen with mtime 1736457959.364004
File D:\msayed\confidentproject2\.venv\Lib\site-packages\django\core\files\storage\memory.py first seen with mtime 1736457960.4975097
File C:\Users\User\AppData\Local\Programs\Python\Python313\Lib\email\errors.py first seen with mtime 1733252248.0
File D:\msayed\confidentproject2\.venv\Lib\site-packages\django\contrib\auth\signals.py first seen with mtime 1736457959.3650174
File D:\msayed\confidentproject2\.venv\Lib\site-packages\django\utils\regex_helper.py first seen with mtime 1736457960.7461267
File C:\Users\User\AppData\Local\Programs\Python\Python313\Lib\base64.py first seen with mtime 1733252248.0
File D:\msayed\confidentproject2\.venv\Lib\site-packages\django\forms\__init__.py first seen with mtime 1736457960.6050355
File D:\msayed\confidentproject2\.venv\Lib\site-packages\django\db\models\indexes.py first seen with mtime 1736457960.5825093
File D:\msayed\confidentproject2\.venv\Lib\site-packages\django\db\models\functions\text.py first seen with mtime 1736457960.5961585
File C:\Users\User\AppData\Local\Programs\Python\Python313\Lib\json\encoder.py first seen with mtime 1733252248.0
File D:\msayed\confidentproject2\.venv\Lib\site-packages\django\utils\log.py first seen with mtime 1736457960.7400568
File C:\Users\User\AppData\Local\Programs\Python\Python313\Lib\re\_compiler.py first seen with mtime 1733252248.0
File D:\msayed\confidentproject2\.venv\Lib\site-packages\django\core\validators.py first seen with mtime 1736457960.4760835
File D:\msayed\confidentproject2\.venv\Lib\site-packages\django\core\checks\compatibility\django_4_0.py first seen with mtime 1736457960.4884746
File C:\Users\User\AppData\Local\Programs\Python\Python313\Lib\asyncio\protocols.py first seen with mtime 1733252248.0
File D:\msayed\confidentproject2\.venv\Lib\site-packages\django\utils\numberformat.py first seen with mtime 1736457960.74378
File D:\msayed\confidentproject2\.venv\Lib\site-packages\django\db\models\constants.py first seen with mtime 1736457960.5781653
File C:\Users\User\AppData\Local\Programs\Python\Python313\Lib\asyncio\subprocess.py first seen with mtime 1733252248.0
File C:\Users\User\AppData\Local\Programs\Python\Python313\Lib\random.py first seen with mtime 1733252248.0
File D:\msayed\confidentproject2\.venv\Lib\site-packages\django\utils\timesince.py first seen with mtime 1736457960.7493389
File D:\msayed\confidentproject2\.venv\Lib\site-packages\django\views\generic\base.py first seen with mtime 1736457960.7652981
File C:\Users\User\AppData\Local\Programs\Python\Python313\Lib\types.py first seen with mtime 1733252250.0
File C:\Users\User\AppData\Local\Programs\Python\Python313\Lib\difflib.py first seen with mtime 1733252248.0
File D:\msayed\confidentproject2\.venv\Lib\site-packages\django\views\generic\edit.py first seen with mtime 1736457960.7675207
File C:\Users\User\AppData\Local\Programs\Python\Python313\Lib\asyncio\coroutines.py first seen with mtime 1733252248.0
File D:\msayed\confidentproject2\.venv\Lib\site-packages\django\core\signals.py first seen with mtime 1736457960.4749947
File C:\Users\User\AppData\Local\Programs\Python\Python313\Lib\email\charset.py first seen with mtime 1733252248.0
File D:\msayed\confidentproject2\.venv\Lib\site-packages\django\core\cache\utils.py first seen with mtime 1736457960.4773932
File D:\msayed\confidentproject2\.venv\Lib\site-packages\django\contrib\contenttypes\forms.py first seen with mtime 1736457959.4781547
File D:\msayed\confidentproject2\.venv\Lib\site-packages\django\views\decorators\csrf.py first seen with mtime 1736457960.7618015
File C:\Users\User\AppData\Local\Programs\Python\Python313\DLLs\_wmi.pyd first seen with mtime 1733252292.0
File D:\msayed\confidentproject2\.venv\Lib\site-packages\django\db\transaction.py first seen with mtime 1736457960.5300128
File C:\Users\User\AppData\Local\Programs\Python\Python313\Lib\asyncio\timeouts.py first seen with mtime 1733252248.0
File D:\msayed\confidentproject2\.venv\Lib\site-packages\django\views\decorators\__init__.py first seen with mtime 1736457960.760231
File D:\msayed\confidentproject2\.venv\Lib\site-packages\django\db\models\fields\generated.py first seen with mtime 1736457960.5885708
File C:\Users\User\AppData\Local\Programs\Python\Python313\Lib\encodings\utf_8.py first seen with mtime 1733252248.0
File D:\msayed\confidentproject2\.venv\Lib\site-packages\django\urls\resolvers.py first seen with mtime 1736457960.6981676
File D:\msayed\confidentproject2\.venv\Lib\site-packages\django\utils\hashable.py first seen with mtime 1736457960.7315552
File C:\Users\User\AppData\Local\Programs\Python\Python313\Lib\asyncio\runners.py first seen with mtime 1733252248.0
File C:\Users\User\AppData\Local\Programs\Python\Python313\Lib\asyncio\windows_utils.py first seen with mtime 1733252248.0
File D:\msayed\confidentproject2\.venv\Lib\site-packages\django\shortcuts.py first seen with mtime 1736457958.778063
File C:\Users\User\AppData\Local\Programs\Python\Python313\Lib\asyncio\sslproto.py first seen with mtime 1733252248.0
File C:\Users\User\AppData\Local\Programs\Python\Python313\Lib\__future__.py first seen with mtime 1733252248.0
File D:\msayed\confidentproject2\.venv\Lib\site-packages\environ\__init__.py first seen with mtime 1736458643.9178176
File D:\msayed\confidentproject2\.venv\Lib\site-packages\django\db\backends\base\base.py first seen with mtime 1736457960.5350397
File D:\msayed\confidentproject2\.venv\Lib\site-packages\django\views\debug.py first seen with mtime 1736457960.7580779
File D:\msayed\confidentproject2\.venv\Lib\site-packages\django\contrib\admin\templatetags\__init__.py first seen with mtime 1736457959.2379668
File D:\msayed\confidentproject2\.venv\Lib\site-packages\django\views\__init__.py first seen with mtime 1736457960.755865
File D:\msayed\confidentproject2\.venv\Lib\site-packages\django\db\models\base.py first seen with mtime 1736457960.5781653
File D:\msayed\confidentproject2\.venv\Lib\site-packages\django\contrib\admin\exceptions.py first seen with mtime 1736457958.9598975
File D:\msayed\confidentproject2\.venv\Lib\site-packages\django\template\backends\django.py first seen with mtime 1736457960.678037
File C:\Users\User\AppData\Local\Programs\Python\Python313\Lib\copyreg.py first seen with mtime 1733252248.0
File C:\Users\User\AppData\Local\Programs\Python\Python313\Lib\wsgiref\handlers.py first seen with mtime 1733252250.0
File C:\Users\User\AppData\Local\Programs\Python\Python313\Lib\asyncio\base_subprocess.py first seen with mtime 1733252248.0
File D:\msayed\confidentproject2\.venv\Lib\site-packages\django\core\files\storage\handler.py first seen with mtime 1736457960.4962912
File D:\msayed\confidentproject2\.venv\Lib\site-packages\django\apps\__init__.py first seen with mtime 1736457958.779076
File D:\msayed\confidentproject2\.venv\Lib\site-packages\django\db\migrations\state.py first seen with mtime 1736457960.571813
File D:\msayed\confidentproject2\.venv\Lib\site-packages\django\forms\utils.py first seen with mtime 1736457960.6099322
File C:\Users\User\AppData\Local\Programs\Python\Python313\Lib\string.py first seen with mtime 1733252248.0
File C:\Users\User\AppData\Local\Programs\Python\Python313\Lib\_opcode_metadata.py first seen with mtime 1733252248.0
File D:\msayed\confidentproject2\.venv\Lib\site-packages\sqlparse\filters\reindent.py first seen with mtime 1736457957.942757
File C:\Users\User\AppData\Local\Programs\Python\Python313\Lib\tokenize.py first seen with mtime 1733252250.0
File C:\Users\User\AppData\Local\Programs\Python\Python313\Lib\numbers.py first seen with mtime 1733252248.0
File C:\Users\User\AppData\Local\Programs\Python\Python313\Lib\zoneinfo\__init__.py first seen with mtime 1733252250.0
File D:\msayed\confidentproject2\.venv\Lib\site-packages\django\template\loaders\base.py first seen with mtime 1736457960.6814532
File D:\msayed\confidentproject2\.venv\Lib\site-packages\django\contrib\__init__.py first seen with mtime 1736457958.95783
File D:\msayed\confidentproject2\.venv\Lib\site-packages\corsheaders\conf.py first seen with mtime 1736460796.3943384
File D:\msayed\confidentproject2\.venv\Lib\site-packages\django\contrib\staticfiles\utils.py first seen with mtime 1736457960.4679682
File D:\msayed\confidentproject2\.venv\Lib\site-packages\django\contrib\contenttypes\models.py first seen with mtime 1736457959.4781547
File D:\msayed\confidentproject2\.venv\Lib\site-packages\django\core\wsgi.py first seen with mtime 1736457960.4760835
File C:\Users\User\AppData\Local\Programs\Python\Python313\Lib\email\mime\__init__.py first seen with mtime 1733252248.0
File D:\msayed\confidentproject2\.venv\Lib\site-packages\django\db\backends\sqlite3\__init__.py first seen with mtime 1736457960.559624
File C:\Users\User\AppData\Local\Programs\Python\Python313\Lib\typing.py first seen with mtime 1733252250.0
File C:\Users\User\AppData\Local\Programs\Python\Python313\Lib\asyncio\transports.py first seen with mtime 1733252248.0
File C:\Users\User\AppData\Local\Programs\Python\Python313\Lib\linecache.py first seen with mtime 1733252248.0
File C:\Users\User\AppData\Local\Programs\Python\Python313\Lib\email\_parseaddr.py first seen with mtime 1733252248.0
File C:\Users\User\AppData\Local\Programs\Python\Python313\Lib\importlib\_abc.py first seen with mtime 1733252248.0
File C:\Users\User\AppData\Local\Programs\Python\Python313\Lib\datetime.py first seen with mtime 1733252248.0
File D:\msayed\confidentproject2\.venv\Lib\site-packages\django\db\models\expressions.py first seen with mtime 1736457960.5815108
File C:\Users\User\AppData\Local\Programs\Python\Python313\Lib\warnings.py first seen with mtime 1733252250.0
File D:\msayed\confidentproject2\.venv\Lib\site-packages\django\views\csrf.py first seen with mtime 1736457960.7569327
File D:\msayed\confidentproject2\.venv\Lib\site-packages\django\db\migrations\exceptions.py first seen with mtime 1736457960.5660782
File D:\msayed\confidentproject2\.venv\Lib\site-packages\django\db\backends\sqlite3\client.py first seen with mtime 1736457960.561719
File D:\msayed\confidentproject2\.venv\Lib\site-packages\django\utils\translation\__init__.py first seen with mtime 1736457960.752585
File C:\Users\User\AppData\Local\Programs\Python\Python313\Lib\json\scanner.py first seen with mtime 1733252248.0
File C:\Users\User\AppData\Local\Programs\Python\Python313\Lib\multiprocessing\__init__.py first seen with mtime 1733252248.0
File C:\Users\User\AppData\Local\Programs\Python\Python313\Lib\pathlib\__init__.py first seen with mtime 1733252248.0
File D:\msayed\confidentproject2\.venv\Lib\site-packages\django\contrib\auth\decorators.py first seen with mtime 1736457959.3608124
File D:\msayed\confidentproject2\.venv\Lib\site-packages\django\db\models\fields\json.py first seen with mtime 1736457960.5885708
File D:\msayed\confidentproject2\.venv\Lib\site-packages\sqlparse\tokens.py first seen with mtime 1736457957.9380407
File C:\Users\User\AppData\Local\Programs\Python\Python313\Lib\asyncio\exceptions.py first seen with mtime 1733252248.0
File C:\Users\User\AppData\Local\Programs\Python\Python313\Lib\opcode.py first seen with mtime 1733252248.0
File D:\msayed\confidentproject2\.venv\Lib\site-packages\django\contrib\auth\hashers.py first seen with mtime 1736457959.3628917
File D:\msayed\confidentproject2\.venv\Lib\site-packages\django\utils\crypto.py first seen with mtime 1736457960.7151265
File C:\Users\User\AppData\Local\Programs\Python\Python313\Lib\re\_parser.py first seen with mtime 1733252248.0
File D:\msayed\confidentproject2\.venv\Lib\site-packages\django\db\backends\base\creation.py first seen with mtime 1736457960.5360434
File D:\msayed\confidentproject2\.venv\Lib\site-packages\django\core\mail\message.py first seen with mtime 1736457960.501788
File C:\Users\User\AppData\Local\Programs\Python\Python313\Lib\_weakrefset.py first seen with mtime 1733252248.0
File D:\msayed\confidentproject2\.venv\Lib\site-packages\django\core\management\base.py first seen with mtime 1736457960.507072
File D:\msayed\confidentproject2\.venv\Lib\site-packages\django\core\serializers\base.py first seen with mtime 1736457960.5257187
File C:\Users\User\AppData\Local\Programs\Python\Python313\Lib\pickle.py first seen with mtime 1733252248.0
File D:\msayed\confidentproject2\.venv\Lib\site-packages\django\contrib\messages\utils.py first seen with mtime 1736457959.9888766
File D:\msayed\confidentproject2\.venv\Lib\site-packages\django\forms\boundfield.py first seen with mtime 1736457960.6061113
File D:\msayed\confidentproject2\.venv\Lib\site-packages\django\core\management\color.py first seen with mtime 1736457960.50814
File D:\msayed\confidentproject2\website\app\models.py first seen with mtime 1736458116.4040816
File D:\msayed\confidentproject2\.venv\Lib\site-packages\django\utils\lorem_ipsum.py first seen with mtime 1736457960.7416282
File C:\Users\User\AppData\Local\Programs\Python\Python313\Lib\enum.py first seen with mtime 1733252248.0
File D:\msayed\confidentproject2\.venv\Lib\site-packages\django\conf\__init__.py first seen with mtime 1736457958.7803228
File D:\msayed\confidentproject2\.venv\Lib\site-packages\django\db\models\sql\query.py first seen with mtime 1736457960.6005347
File C:\Users\User\AppData\Local\Programs\Python\Python313\Lib\email\mime\multipart.py first seen with mtime 1733252248.0
File C:\Users\User\AppData\Local\Programs\Python\Python313\DLLs\_socket.pyd first seen with mtime 1733252292.0
File D:\msayed\confidentproject2\.venv\Lib\site-packages\django\contrib\admin\filters.py first seen with mtime 1736457958.9598975
File D:\msayed\confidentproject2\.venv\Lib\site-packages\django\core\cache\backends\__init__.py first seen with mtime 1736457960.478427
File D:\msayed\confidentproject2\.venv\Lib\site-packages\django\contrib\contenttypes\management\__init__.py first seen with mtime 1736457959.5790133
File C:\Users\User\AppData\Local\Programs\Python\Python313\Lib\bisect.py first seen with mtime 1733252248.0
File C:\Users\User\AppData\Local\Programs\Python\Python313\Lib\lzma.py first seen with mtime 1733252248.0
File D:\msayed\confidentproject2\.venv\Lib\site-packages\django\core\serializers\__init__.py first seen with mtime 1736457960.5256627
File D:\msayed\confidentproject2\.venv\Lib\site-packages\django\core\checks\translation.py first seen with mtime 1736457960.4863985
File D:\msayed\confidentproject2\.venv\Lib\site-packages\django\db\backends\base\__init__.py first seen with mtime 1736457960.5339344
File C:\Users\User\AppData\Local\Programs\Python\Python313\Lib\traceback.py first seen with mtime 1733252250.0
File D:\msayed\confidentproject2\.venv\Lib\site-packages\django\db\__init__.py first seen with mtime 1736457960.5300128
File D:\msayed\confidentproject2\.venv\Lib\site-packages\django\core\checks\files.py first seen with mtime 1736457960.4837961
File D:\msayed\confidentproject2\.venv\Lib\site-packages\django\utils\http.py first seen with mtime 1736457960.7343886
File D:\msayed\confidentproject2\.venv\Lib\site-packages\django\contrib\admin\templatetags\log.py first seen with mtime 1736457959.2400315
File D:\msayed\confidentproject2\.venv\Lib\site-packages\django\contrib\auth\backends.py first seen with mtime 1736457959.3575108
File D:\msayed\confidentproject2\.venv\Lib\site-packages\django\urls\base.py first seen with mtime 1736457960.6949692
File D:\msayed\confidentproject2\.venv\Lib\site-packages\django\utils\functional.py first seen with mtime 1736457960.7304666
File C:\Users\User\AppData\Local\Programs\Python\Python313\Lib\struct.py first seen with mtime 1733252248.0
File C:\Users\User\AppData\Local\Programs\Python\Python313\Lib\asyncio\futures.py first seen with mtime 1733252248.0
File D:\msayed\confidentproject2\.venv\Lib\site-packages\django\http\cookie.py first seen with mtime 1736457960.660759
File D:\msayed\confidentproject2\.venv\Lib\site-packages\asgiref\sync.py first seen with mtime 1736457958.5784833
File D:\msayed\confidentproject2\.venv\Lib\site-packages\django\template\defaultfilters.py first seen with mtime 1736457960.6715746
File C:\Users\User\AppData\Local\Programs\Python\Python313\Lib\email\header.py first seen with mtime 1733252248.0
File C:\Users\User\AppData\Local\Programs\Python\Python313\Lib\logging\__init__.py first seen with mtime 1733252248.0
File D:\msayed\confidentproject2\.venv\Lib\site-packages\django\contrib\admin\widgets.py first seen with mtime 1736457958.9634924
File C:\Users\User\AppData\Local\Programs\Python\Python313\Lib\socket.py first seen with mtime 1733252248.0
File D:\msayed\confidentproject2\.venv\Lib\site-packages\django\core\cache\backends\filebased.py first seen with mtime 1736457960.4806204
File D:\msayed\confidentproject2\.venv\Lib\site-packages\django\db\migrations\operations\__init__.py first seen with mtime 1736457960.5729363
File C:\Users\User\AppData\Local\Programs\Python\Python313\Lib\asyncio\mixins.py first seen with mtime 1733252248.0
File C:\Users\User\AppData\Local\Programs\Python\Python313\Lib\email\__init__.py first seen with mtime 1733252248.0
File D:\msayed\confidentproject2\.venv\Lib\site-packages\django\contrib\staticfiles\apps.py first seen with mtime 1736457960.4645853
File C:\Users\User\AppData\Local\Programs\Python\Python313\Lib\ssl.py first seen with mtime 1733252248.0
File C:\Users\User\AppData\Local\Programs\Python\Python313\Lib\pathlib\_abc.py first seen with mtime 1733252248.0
File D:\msayed\confidentproject2\.venv\Lib\site-packages\django\core\serializers\python.py first seen with mtime 1736457960.5267286
File D:\msayed\confidentproject2\.venv\Lib\site-packages\django\template\utils.py first seen with mtime 1736457960.676973
File C:\Users\User\AppData\Local\Programs\Python\Python313\Lib\wsgiref\simple_server.py first seen with mtime 1733252250.0
File C:\Users\User\AppData\Local\Programs\Python\Python313\DLLs\unicodedata.pyd first seen with mtime 1733252292.0
File C:\Users\User\AppData\Local\Programs\Python\Python313\Lib\asyncio\queues.py first seen with mtime 1733252248.0
File C:\Users\User\AppData\Local\Programs\Python\Python313\Lib\json\decoder.py first seen with mtime 1733252248.0
File C:\Users\User\AppData\Local\Programs\Python\Python313\Lib\encodings\__init__.py first seen with mtime 1733252248.0
File D:\msayed\confidentproject2\.venv\Lib\site-packages\django\db\models\fields\reverse_related.py first seen with mtime 1736457960.592928
File D:\msayed\confidentproject2\.venv\Lib\site-packages\environ\environ.py first seen with mtime 1736458643.9188244
File D:\msayed\confidentproject2\.venv\Lib\site-packages\django\db\models\options.py first seen with mtime 1736457960.5839088
File D:\msayed\confidentproject2\.venv\Lib\site-packages\sqlparse\exceptions.py first seen with mtime 1736457957.9358578
File D:\msayed\confidentproject2\.venv\Lib\site-packages\django\apps\registry.py first seen with mtime 1736457958.7803228
File D:\msayed\confidentproject2\.venv\Lib\site-packages\django\db\backends\base\operations.py first seen with mtime 1736457960.5384147
File D:\msayed\confidentproject2\.venv\Lib\site-packages\django\db\backends\__init__.py first seen with mtime 1736457960.531521
File D:\msayed\confidentproject2\.venv\Lib\site-packages\django\utils\module_loading.py first seen with mtime 1736457960.7426937
File D:\msayed\confidentproject2\.venv\Lib\site-packages\django\db\backends\base\introspection.py first seen with mtime 1736457960.537217
File D:\msayed\confidentproject2\.venv\Lib\site-packages\django\core\checks\security\__init__.py first seen with mtime 1736457960.4884746
File D:\msayed\confidentproject2\.venv\Lib\site-packages\django\contrib\messages\__init__.py first seen with mtime 1736457959.9867857
File C:\Users\User\AppData\Local\Programs\Python\Python313\Lib\dataclasses.py first seen with mtime 1733252248.0
File D:\msayed\confidentproject2\.venv\Lib\site-packages\asgiref\current_thread_executor.py first seen with mtime 1736457958.5763607
File D:\msayed\confidentproject2\.venv\Lib\site-packages\django\contrib\admin\checks.py first seen with mtime 1736457958.9588594
File D:\msayed\confidentproject2\.venv\Lib\site-packages\django\template\context.py first seen with mtime 1736457960.6699991
File C:\Users\User\AppData\Local\Programs\Python\Python313\Lib\selectors.py first seen with mtime 1733252248.0
File C:\Users\User\AppData\Local\Programs\Python\Python313\Lib\importlib\__init__.py first seen with mtime 1733252248.0
File C:\Users\User\AppData\Local\Programs\Python\Python313\Lib\quopri.py first seen with mtime 1733252248.0
File D:\msayed\confidentproject2\.venv\Lib\site-packages\django\core\files\storage\filesystem.py first seen with mtime 1736457960.4962912
File D:\msayed\confidentproject2\.venv\Lib\site-packages\django\contrib\admin\utils.py first seen with mtime 1736457958.9634924
File D:\msayed\confidentproject2\.venv\Lib\site-packages\django\core\files\storage\mixins.py first seen with mtime 1736457960.4975097
File C:\Users\User\AppData\Local\Programs\Python\Python313\Lib\hmac.py first seen with mtime 1733252248.0
File C:\Users\User\AppData\Local\Programs\Python\Python313\Lib\json\__init__.py first seen with mtime 1733252248.0
File D:\msayed\confidentproject2\.venv\Lib\site-packages\django\template\response.py first seen with mtime 1736457960.6759021
File C:\Users\User\AppData\Local\Programs\Python\Python313\Lib\email\_encoded_words.py first seen with mtime 1733252248.0
File C:\Users\User\AppData\Local\Programs\Python\Python313\Lib\multiprocessing\process.py first seen with mtime 1733252248.0
File C:\Users\User\AppData\Local\Programs\Python\Python313\Lib\email\quoprimime.py first seen with mtime 1733252248.0
File D:\msayed\confidentproject2\.venv\Lib\site-packages\django\contrib\messages\apps.py first seen with mtime 1736457959.9867857
File D:\msayed\confidentproject2\.venv\Lib\site-packages\django\core\files\base.py first seen with mtime 1736457960.49171
File D:\msayed\confidentproject2\.venv\Lib\site-packages\django\core\mail\__init__.py first seen with mtime 1736457960.5007596
File C:\Users\User\AppData\Local\Programs\Python\Python313\Lib\signal.py first seen with mtime 1733252248.0
File C:\Users\User\AppData\Local\Programs\Python\Python313\Lib\collections\__init__.py first seen with mtime 1733252248.0
File D:\msayed\confidentproject2\.venv\Lib\site-packages\asgiref\__init__.py first seen with mtime 1736457958.575149
File C:\Users\User\AppData\Local\Programs\Python\Python313\Lib\heapq.py first seen with mtime 1733252248.0
File D:\msayed\confidentproject2\.venv\Lib\site-packages\django\db\models\functions\mixins.py first seen with mtime 1736457960.5961585
File D:\msayed\confidentproject2\.venv\Lib\site-packages\django\db\models\__init__.py first seen with mtime 1736457960.5771153
File D:\msayed\confidentproject2\.venv\Lib\site-packages\django\db\models\fields\files.py first seen with mtime 1736457960.5875418
File D:\msayed\confidentproject2\.venv\Lib\site-packages\_virtualenv.py first seen with mtime 1736457898.2451959
File D:\msayed\confidentproject2\.venv\Lib\site-packages\django\template\loader.py first seen with mtime 1736457960.6748104
File D:\msayed\confidentproject2\.venv\Lib\site-packages\django\templatetags\tz.py first seen with mtime 1736457960.6867836
File D:\msayed\confidentproject2\.venv\Lib\site-packages\django\template\backends\base.py first seen with mtime 1736457960.678037
File D:\msayed\confidentproject2\.venv\Lib\site-packages\corsheaders\__init__.py first seen with mtime 1736460796.383998
File D:\msayed\confidentproject2\.venv\Lib\site-packages\django\utils\duration.py first seen with mtime 1736457960.7255788
File C:\Users\User\AppData\Local\Programs\Python\Python313\Lib\dis.py first seen with mtime 1733252248.0
File D:\msayed\confidentproject2\.venv\Lib\site-packages\django\template\base.py first seen with mtime 1736457960.6699991
File D:\msayed\confidentproject2\.venv\Lib\site-packages\django\http\response.py first seen with mtime 1736457960.6622708
File D:\msayed\confidentproject2\.venv\Lib\site-packages\django\db\migrations\utils.py first seen with mtime 1736457960.571813
File D:\msayed\confidentproject2\website\templates\index.html first seen with mtime 1736459064.012621
File D:\msayed\confidentproject2\website\templates\pages first seen with mtime 1736459589.0745616
File D:\msayed\confidentproject2\website\templates\parts first seen with mtime 1736459262.9057584
File D:\msayed\confidentproject2\website\templates\pages\about.html first seen with mtime 1736459368.5378768
File D:\msayed\confidentproject2\website\templates\pages\home.html first seen with mtime 1736459589.0745616
File D:\msayed\confidentproject2\website\templates\parts\navbar.html first seen with mtime 1736459262.9046516
File D:\msayed\confidentproject2\.venv\Lib\site-packages\django\contrib\admin\migrations\__init__.py first seen with mtime 1736457959.158135
File D:\msayed\confidentproject2\.venv\Lib\site-packages\django\contrib\auth\migrations\0009_alter_user_last_name_max_length.py first seen with mtime 1736457959.4728684
File D:\msayed\confidentproject2\.venv\Lib\site-packages\django\contrib\auth\migrations\0010_alter_group_name_max_length.py first seen with mtime 1736457959.4739075
File D:\msayed\confidentproject2\.venv\Lib\site-packages\whitenoise\__init__.py first seen with mtime 1736460810.554267
File D:\msayed\confidentproject2\.venv\Lib\site-packages\whitenoise\middleware.py first seen with mtime 1736460810.554267
File D:\msayed\confidentproject2\.venv\Lib\site-packages\django\contrib\auth\migrations\0006_require_contenttypes_0002.py first seen with mtime 1736457959.4718254
File D:\msayed\confidentproject2\.venv\Lib\site-packages\corsheaders\signals.py first seen with mtime 1736460796.3943384
File D:\msayed\confidentproject2\.venv\Lib\site-packages\django\contrib\contenttypes\migrations\0001_initial.py first seen with mtime 1736457959.5800834
File D:\msayed\confidentproject2\.venv\Lib\site-packages\django\db\migrations\recorder.py first seen with mtime 1736457960.5702605
File D:\msayed\confidentproject2\.venv\Lib\site-packages\django\contrib\auth\migrations\0008_alter_user_username_max_length.py first seen with mtime 1736457959.4728684
File D:\msayed\confidentproject2\.venv\Lib\site-packages\whitenoise\string_utils.py first seen with mtime 1736460810.562825
File D:\msayed\confidentproject2\.venv\Lib\site-packages\django\contrib\admin\migrations\0002_logentry_remove_auto_add.py first seen with mtime 1736457959.1570978
File C:\Users\User\AppData\Local\Programs\Python\Python313\Lib\stringprep.py first seen with mtime 1733252248.0
File D:\msayed\confidentproject2\.venv\Lib\site-packages\django\contrib\auth\migrations\__init__.py first seen with mtime 1736457959.474944
File C:\Users\User\AppData\Local\Programs\Python\Python313\Lib\encodings\idna.py first seen with mtime 1733252248.0
File D:\msayed\confidentproject2\.venv\Lib\site-packages\django\db\models\sql\compiler.py first seen with mtime 1736457960.5982378
File D:\msayed\confidentproject2\.venv\Lib\site-packages\whitenoise\base.py first seen with mtime 1736460810.554267
File D:\msayed\confidentproject2\.venv\Lib\site-packages\django\db\migrations\graph.py first seen with mtime 1736457960.567125
File D:\msayed\confidentproject2\.venv\Lib\site-packages\django\middleware\security.py first seen with mtime 1736457960.66786
File D:\msayed\confidentproject2\.venv\Lib\site-packages\django\contrib\sessions\migrations\__init__.py first seen with mtime 1736457960.3228881
File D:\msayed\confidentproject2\.venv\Lib\site-packages\django\contrib\sessions\backends\base.py first seen with mtime 1736457960.20296
File D:\msayed\confidentproject2\.venv\Lib\site-packages\django\contrib\admin\migrations\0003_logentry_add_action_flag_choices.py first seen with mtime 1736457959.158135
File D:\msayed\confidentproject2\.venv\Lib\site-packages\whitenoise\responders.py first seen with mtime 1736460810.561749
File D:\msayed\confidentproject2\.venv\Lib\site-packages\django\contrib\auth\migrations\0007_alter_validators_add_error_messages.py first seen with mtime 1736457959.4728684
File D:\msayed\confidentproject2\.venv\Lib\site-packages\django\contrib\auth\migrations\0012_alter_user_first_name_max_length.py first seen with mtime 1736457959.4739075
File D:\msayed\confidentproject2\.venv\Lib\site-packages\django\contrib\sessions\backends\__init__.py first seen with mtime 1736457960.20296
File D:\msayed\confidentproject2\.venv\Lib\site-packages\django\db\migrations\executor.py first seen with mtime 1736457960.567125
File D:\msayed\confidentproject2\.venv\Lib\site-packages\django\contrib\auth\migrations\0002_alter_permission_name_max_length.py first seen with mtime 1736457959.4708192
File D:\msayed\confidentproject2\.venv\Lib\site-packages\django\contrib\auth\migrations\0003_alter_user_email_max_length.py first seen with mtime 1736457959.4708192
File D:\msayed\confidentproject2\.venv\Lib\site-packages\django\contrib\contenttypes\migrations\__init__.py first seen with mtime 1736457959.5816257
File D:\msayed\confidentproject2\website\app\migrations\__init__.py first seen with mtime 1736458116.4063542
File D:\msayed\confidentproject2\.venv\Lib\site-packages\django\contrib\contenttypes\migrations\0002_remove_content_type_name.py first seen with mtime 1736457959.5800834
File D:\msayed\confidentproject2\website\website\wsgi.py first seen with mtime 1736460510.908883
File D:\msayed\confidentproject2\.venv\Lib\site-packages\django\conf\urls\__init__.py first seen with mtime 1736457958.9567945
File D:\msayed\confidentproject2\.venv\Lib\site-packages\django\contrib\auth\migrations\0011_update_proxy_permissions.py first seen with mtime 1736457959.4739075
File D:\msayed\confidentproject2\.venv\Lib\site-packages\django\contrib\auth\migrations\0001_initial.py first seen with mtime 1736457959.4692996
File D:\msayed\confidentproject2\.venv\Lib\site-packages\django\contrib\sessions\middleware.py first seen with mtime 1736457960.2000124
File D:\msayed\confidentproject2\.venv\Lib\site-packages\django\contrib\auth\migrations\0004_alter_user_username_opts.py first seen with mtime 1736457959.4708192
File D:\msayed\confidentproject2\.venv\Lib\site-packages\django\middleware\common.py first seen with mtime 1736457960.664386
File D:\msayed\confidentproject2\.venv\Lib\site-packages\django\contrib\sessions\backends\db.py first seen with mtime 1736457960.2051215
File D:\msayed\confidentproject2\.venv\Lib\site-packages\django\contrib\sessions\exceptions.py first seen with mtime 1736457960.2000124
File D:\msayed\confidentproject2\.venv\Lib\site-packages\django\contrib\sessions\migrations\0001_initial.py first seen with mtime 1736457960.3228881
File D:\msayed\confidentproject2\.venv\Lib\site-packages\django\contrib\staticfiles\storage.py first seen with mtime 1736457960.4669151
File D:\msayed\confidentproject2\.venv\Lib\site-packages\django\contrib\admin\migrations\0001_initial.py first seen with mtime 1736457959.1570978
File D:\msayed\confidentproject2\.venv\Lib\site-packages\whitenoise\media_types.py first seen with mtime 1736460810.554267
File D:\msayed\confidentproject2\.venv\Lib\site-packages\django\contrib\messages\middleware.py first seen with mtime 1736457959.9878328
File D:\msayed\confidentproject2\.venv\Lib\site-packages\django\views\defaults.py first seen with mtime 1736457960.7580779
File D:\msayed\confidentproject2\.venv\Lib\site-packages\django\contrib\auth\migrations\0005_alter_user_last_login_null.py first seen with mtime 1736457959.4718254
File D:\msayed\confidentproject2\.venv\Lib\site-packages\django\middleware\clickjacking.py first seen with mtime 1736457960.664386
File D:\msayed\confidentproject2\.venv\Lib\site-packages\django\db\migrations\loader.py first seen with mtime 1736457960.5681767
File D:\msayed\confidentproject2\.venv\Lib\site-packages\django\core\cache\backends\locmem.py first seen with mtime 1736457960.4806204
"GET / HTTP/1.1" 200 163
File D:\msayed\confidentproject2\.venv\Lib\site-packages\django\contrib\messages\storage\fallback.py first seen with mtime 1736457959.9901545
File D:\msayed\confidentproject2\.venv\Lib\site-packages\django\contrib\sessions\serializers.py first seen with mtime 1736457960.201597
File D:\msayed\confidentproject2\.venv\Lib\site-packages\django\template\context_processors.py first seen with mtime 1736457960.6699991
File D:\msayed\confidentproject2\.venv\Lib\site-packages\django\contrib\auth\context_processors.py first seen with mtime 1736457959.3607616
File D:\msayed\confidentproject2\.venv\Lib\site-packages\django\contrib\messages\storage\cookie.py first seen with mtime 1736457959.9901545
File D:\msayed\confidentproject2\.venv\Lib\site-packages\django\contrib\messages\context_processors.py first seen with mtime 1736457959.9878328
File D:\msayed\confidentproject2\.venv\Lib\site-packages\django\contrib\messages\storage\session.py first seen with mtime 1736457959.991735
